0 info it worked if it ends with ok
1 verbose cli [ '/usr/bin/nodejs', '/usr/bin/npm', 'run', 'start-s-c' ]
2 info using npm@3.10.10
3 info using node@v6.11.2
4 verbose run-script [ 'prestart-s-c', 'start-s-c', 'poststart-s-c' ]
5 info lifecycle github_users_pr@1.0.0~prestart-s-c: github_users_pr@1.0.0
6 silly lifecycle github_users_pr@1.0.0~prestart-s-c: no script for prestart-s-c, continuing
7 info lifecycle github_users_pr@1.0.0~start-s-c: github_users_pr@1.0.0
8 verbose lifecycle github_users_pr@1.0.0~start-s-c: unsafe-perm in lifecycle true
9 verbose lifecycle github_users_pr@1.0.0~start-s-c: PATH: /usr/lib/node_modules/npm/bin/node-gyp-bin:/home/sunil/ReactLibrariesPractice/node_modules/.bin:/home/sunil/bin:/home/sunil/.local/bin:/usr/local/sbin:/usr/local/bin:/usr/sbin:/usr/bin:/sbin:/bin:/usr/games:/usr/local/games:/snap/bin
10 verbose lifecycle github_users_pr@1.0.0~start-s-c: CWD: /home/sunil/ReactLibrariesPractice
11 silly lifecycle github_users_pr@1.0.0~start-s-c: Args: [ '-c',
11 silly lifecycle   'NODE_ENV=development webpack -w & NODE_ENV=development node src/server.js' ]
12 silly lifecycle github_users_pr@1.0.0~start-s-c: Returned: code: 1  signal: null
13 info lifecycle github_users_pr@1.0.0~start-s-c: Failed to exec start-s-c script
14 verbose stack Error: github_users_pr@1.0.0 start-s-c: `NODE_ENV=development webpack -w & NODE_ENV=development node src/server.js`
14 verbose stack Exit status 1
14 verbose stack     at EventEmitter.<anonymous> (/usr/lib/node_modules/npm/lib/utils/lifecycle.js:255:16)
14 verbose stack     at emitTwo (events.js:106:13)
14 verbose stack     at EventEmitter.emit (events.js:191:7)
14 verbose stack     at ChildProcess.<anonymous> (/usr/lib/node_modules/npm/lib/utils/spawn.js:40:14)
14 verbose stack     at emitTwo (events.js:106:13)
14 verbose stack     at ChildProcess.emit (events.js:191:7)
14 verbose stack     at maybeClose (internal/child_process.js:891:16)
14 verbose stack     at Process.ChildProcess._handle.onexit (internal/child_process.js:226:5)
15 verbose pkgid github_users_pr@1.0.0
16 verbose cwd /home/sunil/ReactLibrariesPractice
17 error Linux 4.10.0-35-generic
18 error argv "/usr/bin/nodejs" "/usr/bin/npm" "run" "start-s-c"
19 error node v6.11.2
20 error npm  v3.10.10
21 error code ELIFECYCLE
22 error github_users_pr@1.0.0 start-s-c: `NODE_ENV=development webpack -w & NODE_ENV=development node src/server.js`
22 error Exit status 1
23 error Failed at the github_users_pr@1.0.0 start-s-c script 'NODE_ENV=development webpack -w & NODE_ENV=development node src/server.js'.
23 error Make sure you have the latest version of node.js and npm installed.
23 error If you do, this is most likely a problem with the github_users_pr package,
23 error not with npm itself.
23 error Tell the author that this fails on your system:
23 error     NODE_ENV=development webpack -w & NODE_ENV=development node src/server.js
23 error You can get information on how to open an issue for this project with:
23 error     npm bugs github_users_pr
23 error Or if that isn't available, you can get their info via:
23 error     npm owner ls github_users_pr
23 error There is likely additional logging output above.
24 verbose exit [ 1, true ]
